<?xml version="1.0" encoding="UTF-8"?>
<!-- Generated by org.testng.reporters.JUnitReportReporter -->
<testsuite hostname="IMPETUS-NL235" failures="0" tests="5" name="TestNGTutorial.Class3" time="0.060" errors="0" timestamp="2021-07-19T08:31:11 IST" skipped="0">
  <testcase classname="TestNGTutorial.Class3" name="mobileLoginCarLoan" time="0.002"/>
  <system-out/>
  <testcase classname="TestNGTutorial.Class3" name="mobileLoginCarLoan" time="0.003"/>
  <system-out/>
  <testcase classname="TestNGTutorial.Class3" name="webLoginCarLoan" time="0.040"/>
  <system-out/>
  <testcase classname="TestNGTutorial.Class3" name="apiLoginCarLoan" time="0.003"/>
  <system-out/>
  <testcase classname="TestNGTutorial.Class3" name="mobileLoginCarLoan" time="0.012"/>
  <system-out/>
</testsuite> <!-- TestNGTutorial.Class3 -->
