<?xml version="1.0" encoding="UTF-8"?>
<!-- Generated by org.testng.reporters.JUnitReportReporter -->
<testsuite hostname="IMPETUS-NL235" failures="0" tests="1" name="ExtentReportDemo.ExtendReportStandAlone" time="13.793" errors="0" timestamp="2021-07-20T11:44:07 IST" skipped="0">
  <testcase classname="ExtentReportDemo.ExtendReportStandAlone" name="extentReportDemo" time="13.793"/>
  <system-out/>
</testsuite> <!-- ExtentReportDemo.ExtendReportStandAlone -->
