<?xml version="1.0" encoding="UTF-8"?>
<!-- Generated by org.testng.reporters.JUnitReportReporter -->
<testsuite hostname="IMPETUS-NL235" failures="0" tests="1" name="TestNGTutorial.BasicsTestNG" time="0.053" errors="0" timestamp="2021-07-17T09:42:27 IST" skipped="0">
  <testcase classname="TestNGTutorial.BasicsTestNG" name="demo" time="0.053"/>
  <system-out/>
</testsuite> <!-- TestNGTutorial.BasicsTestNG -->
