<?xml version="1.0" encoding="UTF-8"?>
<!-- Generated by org.testng.reporters.JUnitReportReporter -->
<testsuite hostname="IMPETUS-NL235" failures="0" tests="2" name="TestNGTutorial.Class2" time="0.003" errors="0" timestamp="2021-07-19T08:31:11 IST" skipped="1">
  <testcase classname="TestNGTutorial.Class2" name="webLoginPersonalLoanMod1" time="0.003"/>
  <system-out/>
  <testcase classname="TestNGTutorial.Class2" name="mobileLoginPersonalLoanMod1">
    <skipped/>
  </testcase> <!-- mobileLoginPersonalLoanMod1 -->
  <system-out/>
</testsuite> <!-- TestNGTutorial.Class2 -->
