<?xml version="1.0" encoding="UTF-8"?>
<!-- Generated by org.testng.reporters.JUnitReportReporter -->
<testsuite hostname="IMPETUS-NL235" failures="0" tests="1" name="TestNGTutorial.Class4" time="0.003" errors="0" timestamp="2021-07-19T08:31:11 IST" skipped="0">
  <testcase classname="TestNGTutorial.Class4" name="webLoginHomeLoan" time="0.003"/>
  <system-out/>
</testsuite> <!-- TestNGTutorial.Class4 -->
