<?xml version="1.0" encoding="UTF-8"?>
<!-- Generated by org.testng.reporters.JUnitReportReporter -->
<testsuite hostname="IMPETUS-NL235" failures="0" tests="1" name="page_tests.TestClass" time="33.954" errors="0" timestamp="2021-07-21T11:59:51 IST" skipped="0">
  <testcase classname="page_tests.TestClass" name="pageTest" time="33.954"/>
  <system-out/>
</testsuite> <!-- page_tests.TestClass -->
