<?xml version="1.0" encoding="UTF-8"?>
<!-- Generated by org.testng.reporters.JUnitReportReporter -->
<testsuite skipped="1" hostname="IMPETUS-NL235" name="TestNGTutorial.Class2" tests="2" failures="0" timestamp="2021-07-20T10:52:59 IST" time="0.000" errors="0">
  <testcase name="webLoginPersonalLoanMod1" time="0.000" classname="TestNGTutorial.Class2"/>
  <system-out/>
  <testcase name="mobileLoginPersonalLoanMod1" classname="TestNGTutorial.Class2">
    <skipped/>
  </testcase> <!-- mobileLoginPersonalLoanMod1 -->
  <system-out/>
</testsuite> <!-- TestNGTutorial.Class2 -->
