<?xml version="1.0" encoding="UTF-8"?>
<!-- Generated by org.testng.reporters.JUnitReportReporter -->
<testsuite skipped="0" hostname="IMPETUS-NL235" name="TestNGTutorial.Class4" tests="1" failures="0" timestamp="2021-07-20T10:52:59 IST" time="0.000" errors="0">
  <testcase name="webLoginHomeLoan" time="0.000" classname="TestNGTutorial.Class4"/>
  <system-out/>
</testsuite> <!-- TestNGTutorial.Class4 -->
