<?xml version="1.0" encoding="UTF-8"?>
<!-- Generated by org.testng.reporters.JUnitReportReporter -->
<testsuite skipped="0" hostname="IMPETUS-NL235" name="TestNGTutorial.Class3" tests="5" failures="0" timestamp="2021-07-20T10:52:59 IST" time="0.020" errors="0">
  <testcase name="mobileLoginCarLoan" time="0.000" classname="TestNGTutorial.Class3"/>
  <system-out/>
  <testcase name="mobileLoginCarLoan" time="0.001" classname="TestNGTutorial.Class3"/>
  <system-out/>
  <testcase name="webLoginCarLoan" time="0.016" classname="TestNGTutorial.Class3"/>
  <system-out/>
  <testcase name="apiLoginCarLoan" time="0.003" classname="TestNGTutorial.Class3"/>
  <system-out/>
  <testcase name="mobileLoginCarLoan" time="0.000" classname="TestNGTutorial.Class3"/>
  <system-out/>
</testsuite> <!-- TestNGTutorial.Class3 -->
