<?xml version="1.0" encoding="UTF-8"?>
<!-- Generated by org.testng.reporters.JUnitReportReporter -->
<testsuite skipped="0" hostname="IMPETUS-NL235" name="TestNGTutorial.Class1" tests="1" failures="0" timestamp="2021-07-20T10:52:59 IST" time="0.004" errors="0">
  <testcase name="webLoginPersonalLoan" time="0.004" classname="TestNGTutorial.Class1"/>
  <system-out/>
</testsuite> <!-- TestNGTutorial.Class1 -->
